This is METAFONT, Version 2.7182818 (TeX Live 2015/Debian) (preloaded base=mf 2017.5.13)  14 JUN 2017 19:15
**HolaMundoFX.jer HolaMundoFX.jar
(HolaMundoFX.jer
! Text line contains an invalid character.
l.1 PK^^C
         ^^D^^T^^@^^H^^H^^H^^@W”ÎJ^^@^^@^^@^^@^^@^^@^^@^^@^^@^^@^^@^^@	^^@^^...

? 
! Text line contains an invalid character.
l.1 PK^^C^^D
            ^^T^^@^^H^^H^^H^^@W”ÎJ^^@^^@^^@^^@^^@^^@^^@^^@^^@^^@^^@^^@	^^@^^...

? quit
OK, entering batchmode...
! Text line contains an invalid character.
l.1 PK^^C^^D^^T
               ^^@^^H^^H^^H^^@W”ÎJ^^@^^@^^@^^@^^@^^@^^@^^@^^@^^@^^@^^@	^^@^^...
A funny symbol that I can't read has just been input.
Continue, and I'll forget that it ever happened.

! Text line contains an invalid character.
l.1 PK^^C^^D^^T^^@
                  ^^H^^H^^H^^@W”ÎJ^^@^^@^^@^^@^^@^^@^^@^^@^^@^^@^^@^^@	^^@^^...
A funny symbol that I can't read has just been input.
Continue, and I'll forget that it ever happened.

! Text line contains an invalid character.
l.1 PK^^C^^D^^T^^@^^H
                     ^^H^^H^^@W”ÎJ^^@^^@^^@^^@^^@^^@^^@^^@^^@^^@^^@^^@	^^@^^...
A funny symbol that I can't read has just been input.
Continue, and I'll forget that it ever happened.

! Text line contains an invalid character.
l.1 PK^^C^^D^^T^^@^^H^^H
                        ^^H^^@W”ÎJ^^@^^@^^@^^@^^@^^@^^@^^@^^@^^@^^@^^@	^^@^^...
A funny symbol that I can't read has just been input.
Continue, and I'll forget that it ever happened.

! Text line contains an invalid character.
l.1 PK^^C^^D^^T^^@^^H^^H^^H
                           ^^@W”ÎJ^^@^^@^^@^^@^^@^^@^^@^^@^^@^^@^^@^^@	^^@^^...
A funny symbol that I can't read has just been input.
Continue, and I'll forget that it ever happened.

! Text line contains an invalid character.
l.1 PK^^C^^D^^T^^@^^H^^H^^H^^@
                              W”ÎJ^^@^^@^^@^^@^^@^^@^^@^^@^^@^^@^^@^^@	^^@^^...
A funny symbol that I can't read has just been input.
Continue, and I'll forget that it ever happened.

! Text line contains an invalid character.
l.1 PK^^C^^D^^T^^@^^H^^H^^H^^@W”
                                ÎJ^^@^^@^^@^^@^^@^^@^^@^^@^^@^^@^^@^^@	^^@^^...
A funny symbol that I can't read has just been input.
Continue, and I'll forget that it ever happened.

! Text line contains an invalid character.
l.1 PK^^C^^D^^T^^@^^H^^H^^H^^@W”Î
                                 J^^@^^@^^@^^@^^@^^@^^@^^@^^@^^@^^@^^@	^^@^^...
A funny symbol that I can't read has just been input.
Continue, and I'll forget that it ever happened.

! Text line contains an invalid character.
l.1 PK^^C^^D^^T^^@^^H^^H^^H^^@W”ÎJ^^@
                                     ^^@^^@^^@^^@^^@^^@^^@^^@^^@^^@^^@	^^@^^...
A funny symbol that I can't read has just been input.
Continue, and I'll forget that it ever happened.

! Text line contains an invalid character.
l.1 PK^^C^^D^^T^^@^^H^^H^^H^^@W”ÎJ^^@^^@
                                        ^^@^^@^^@^^@^^@^^@^^@^^@^^@^^@	^^@^^...
A funny symbol that I can't read has just been input.
Continue, and I'll forget that it ever happened.

! Text line contains an invalid character.
l.1 PK^^C^^D^^T^^@^^H^^H^^H^^@W”ÎJ^^@^^@^^@
                                           ^^@^^@^^@^^@^^@^^@^^@^^@^^@	^^@^^...
A funny symbol that I can't read has just been input.
Continue, and I'll forget that it ever happened.

! Text line contains an invalid character.
l.1 PK^^C^^D^^T^^@^^H^^H^^H^^@W”ÎJ^^@^^@^^@^^@
                                              ^^@^^@^^@^^@^^@^^@^^@^^@	^^@^^...
A funny symbol that I can't read has just been input.
Continue, and I'll forget that it ever happened.

! Text line contains an invalid character.
l.1 PK^^C^^D^^T^^@^^H^^H^^H^^@W”ÎJ^^@^^@^^@^^@^^@
                                                 ^^@^^@^^@^^@^^@^^@^^@	^^@^^...
A funny symbol that I can't read has just been input.
Continue, and I'll forget that it ever happened.

! Text line contains an invalid character.
l.1 ...^^D^^T^^@^^H^^H^^H^^@W”ÎJ^^@^^@^^@^^@^^@^^@
                                                  ^^@^^@^^@^^@^^@^^@	^^@^^D^...
A funny symbol that I can't read has just been input.
Continue, and I'll forget that it ever happened.

! Text line contains an invalid character.
l.1 ...^^T^^@^^H^^H^^H^^@W”ÎJ^^@^^@^^@^^@^^@^^@^^@
                                                  ^^@^^@^^@^^@^^@	^^@^^D^^@M...
A funny symbol that I can't read has just been input.
Continue, and I'll forget that it ever happened.

! Text line contains an invalid character.
l.1 ...^^@^^H^^H^^H^^@W”ÎJ^^@^^@^^@^^@^^@^^@^^@^^@
                                                  ^^@^^@^^@^^@	^^@^^D^^@META...
A funny symbol that I can't read has just been input.
Continue, and I'll forget that it ever happened.

! Text line contains an invalid character.
l.1 ...^^H^^H^^H^^@W”ÎJ^^@^^@^^@^^@^^@^^@^^@^^@^^@
                                                  ^^@^^@^^@	^^@^^D^^@META-IN...
A funny symbol that I can't read has just been input.
Continue, and I'll forget that it ever happened.

! Text line contains an invalid character.
l.1 ...^^H^^H^^@W”ÎJ^^@^^@^^@^^@^^@^^@^^@^^@^^@^^@
                                                  ^^@^^@	^^@^^D^^@META-INF/ş...
A funny symbol that I can't read has just been input.
Continue, and I'll forget that it ever happened.

! Text line contains an invalid character.
l.1 ...^^H^^@W”ÎJ^^@^^@^^@^^@^^@^^@^^@^^@^^@^^@^^@
                                                  ^^@	^^@^^D^^@META-INF/şÊ^^...
A funny symbol that I can't read has just been input.
Continue, and I'll forget that it ever happened.

! Text line contains an invalid character.
l.1 ...^^@W”ÎJ^^@^^@^^@^^@^^@^^@^^@^^@^^@^^@^^@^^@
                                                  	^^@^^D^^@META-INF/şÊ^^@^^...
A funny symbol that I can't read has just been input.
Continue, and I'll forget that it ever happened.

! Text line contains an invalid character.
l.1 ...”ÎJ^^@^^@^^@^^@^^@^^@^^@^^@^^@^^@^^@^^@	^^@
                                                  ^^D^^@META-INF/şÊ^^@^^@^^C...
A funny symbol that I can't read has just been input.
Continue, and I'll forget that it ever happened.

! Text line contains an invalid character.
l.1 ...^^@^^@^^@^^@^^@^^@^^@^^@^^@^^@^^@^^@	^^@^^D
                                                  ^^@META-INF/şÊ^^@^^@^^C^^@...
A funny symbol that I can't read has just been input.
Continue, and I'll forget that it ever happened.

! Text line contains an invalid character.
l.1 ...^^@^^@^^@^^@^^@^^@^^@^^@^^@^^@^^@	^^@^^D^^@
                                                  META-INF/şÊ^^@^^@^^C^^@PK^...
A funny symbol that I can't read has just been input.
Continue, and I'll forget that it ever happened.


! Interruption.
<to be read again> 
                   INF
l.1 ...@^^@^^@^^@^^@^^@^^@^^@^^@	^^@^^D^^@META-INF
                                                  /şÊ^^@^^@^^C^^@PK^^G^^H^^@...

? exit

